dense-kpg enumerate: scanned=5516213 queued=20171101 domain=2037557340
dense-kpg enumerate: scanned=11687524 queued=38356300 domain=2037557340
dense-kpg enumerate: scanned=17040621 queued=56043942 domain=2037557340
dense-kpg enumerate: scanned=22919000 queued=72092431 domain=2037557340
dense-kpg enumerate: scanned=28932043 queued=87867306 domain=2037557340
dense-kpg enumerate: scanned=34799389 queued=102731264 domain=2037557340
dense-kpg enumerate: scanned=41786929 queued=116548092 domain=2037557340
dense-kpg enumerate: scanned=47597922 queued=133568260 domain=2037557340
dense-kpg enumerate: scanned=54344887 queued=145650124 domain=2037557340
dense-kpg enumerate: scanned=60574347 queued=163595138 domain=2037557340
dense-kpg enumerate: scanned=66816777 queued=179605244 domain=2037557340
dense-kpg enumerate: scanned=73513287 queued=191450909 domain=2037557340
dense-kpg enumerate: scanned=80501956 queued=203724844 domain=2037557340
dense-kpg enumerate: scanned=87693318 queued=218147636 domain=2037557340
dense-kpg enumerate: scanned=94180694 queued=226356884 domain=2037557340
dense-kpg enumerate: scanned=101554880 queued=240143130 domain=2037557340
dense-kpg enumerate: scanned=108324117 queued=253391983 domain=2037557340
dense-kpg enumerate: scanned=115093832 queued=261700508 domain=2037557340
dense-kpg enumerate: scanned=121642725 queued=272388058 domain=2037557340
dense-kpg enumerate: scanned=128116103 queued=281899921 domain=2037557340
dense-kpg enumerate: scanned=135792311 queued=289374003 domain=2037557340
dense-kpg enumerate: scanned=143876965 queued=300776042 domain=2037557340
dense-kpg enumerate: scanned=151243155 queued=310305935 domain=2037557340
dense-kpg enumerate: scanned=158491253 queued=317725737 domain=2037557340
dense-kpg enumerate: scanned=165550376 queued=326367330 domain=2037557340
dense-kpg enumerate: scanned=173225863 queued=331692614 domain=2037557340
dense-kpg enumerate: scanned=181516433 queued=339805665 domain=2037557340
dense-kpg enumerate: scanned=189269265 queued=350680780 domain=2037557340
dense-kpg enumerate: scanned=196657783 queued=362861537 domain=2037557340
dense-kpg enumerate: scanned=205307440 queued=371919270 domain=2037557340
dense-kpg enumerate: scanned=212245376 queued=381057633 domain=2037557340
dense-kpg enumerate: scanned=220890529 queued=384374298 domain=2037557340
dense-kpg enumerate: scanned=228543598 queued=393545292 domain=2037557340
dense-kpg enumerate: scanned=236166583 queued=401119200 domain=2037557340
dense-kpg enumerate: scanned=243461510 queued=412342176 domain=2037557340
dense-kpg enumerate: scanned=251492436 queued=421950636 domain=2037557340
dense-kpg enumerate: scanned=259391968 queued=429666919 domain=2037557340
dense-kpg enumerate: scanned=268477486 queued=440384342 domain=2037557340
dense-kpg enumerate: scanned=276377452 queued=450748942 domain=2037557340
dense-kpg enumerate: scanned=285738545 queued=456685304 domain=2037557340
dense-kpg enumerate: scanned=294042125 queued=464174765 domain=2037557340
dense-kpg enumerate: scanned=303216857 queued=469759609 domain=2037557340
dense-kpg enumerate: scanned=310126737 queued=481352104 domain=2037557340
dense-kpg enumerate: scanned=319412309 queued=490309917 domain=2037557340
dense-kpg enumerate: scanned=328252080 queued=499594586 domain=2037557340
dense-kpg enumerate: scanned=338046121 queued=507672418 domain=2037557340
dense-kpg enumerate: scanned=345912585 queued=516085296 domain=2037557340
dense-kpg enumerate: scanned=353740677 queued=523978794 domain=2037557340
dense-kpg enumerate: scanned=360666868 queued=535095363 domain=2037557340
dense-kpg enumerate: scanned=368717923 queued=544594520 domain=2037557340
dense-kpg enumerate: scanned=376334348 queued=557361578 domain=2037557340
dense-kpg enumerate: scanned=386205556 queued=563069769 domain=2037557340
dense-kpg enumerate: scanned=393677727 queued=574911572 domain=2037557340
dense-kpg enumerate: scanned=402160691 queued=585764321 domain=2037557340
dense-kpg enumerate: scanned=410486700 queued=595369543 domain=2037557340
dense-kpg enumerate: scanned=418450525 queued=605936676 domain=2037557340
dense-kpg enumerate: scanned=428106314 queued=613113377 domain=2037557340
dense-kpg enumerate: scanned=436927874 queued=619676800 domain=2037557340
dense-kpg enumerate: scanned=445186768 queued=627698908 domain=2037557340
dense-kpg enumerate: scanned=453779990 queued=633611437 domain=2037557340
dense-kpg enumerate: scanned=462043997 queued=642837999 domain=2037557340
dense-kpg enumerate: scanned=471075239 queued=650651454 domain=2037557340
dense-kpg enumerate: scanned=478946413 queued=657691671 domain=2037557340
dense-kpg enumerate: scanned=486441280 queued=665305985 domain=2037557340
dense-kpg enumerate: scanned=495445370 queued=670756912 domain=2037557340
dense-kpg enumerate: scanned=505015001 queued=678116041 domain=2037557340
dense-kpg enumerate: scanned=514663586 queued=685562293 domain=2037557340
dense-kpg enumerate: scanned=524060257 queued=695434232 domain=2037557340
dense-kpg enumerate: scanned=531738362 queued=704511343 domain=2037557340
dense-kpg enumerate: scanned=540800946 queued=711618488 domain=2037557340
dense-kpg enumerate: scanned=549656186 queued=718007406 domain=2037557340
dense-kpg enumerate: scanned=558049142 queued=722563958 domain=2037557340
dense-kpg enumerate: scanned=567838783 queued=726974469 domain=2037557340
dense-kpg enumerate: scanned=574929292 queued=732736067 domain=2037557340
dense-kpg enumerate: scanned=582583218 queued=738562874 domain=2037557340
dense-kpg enumerate: scanned=590824712 queued=743817457 domain=2037557340
dense-kpg enumerate: scanned=598716232 queued=750817091 domain=2037557340
dense-kpg enumerate: scanned=607718885 queued=757858178 domain=2037557340
dense-kpg enumerate: scanned=618112207 queued=763421058 domain=2037557340
dense-kpg enumerate: scanned=626490322 queued=769429314 domain=2037557340
dense-kpg enumerate: scanned=635067050 queued=776447437 domain=2037557340
dense-kpg enumerate: scanned=643242862 queued=780463242 domain=2037557340
dense-kpg enumerate: scanned=652046266 queued=787115026 domain=2037557340
dense-kpg enumerate: scanned=659365316 queued=792562473 domain=2037557340
dense-kpg enumerate: scanned=668177701 queued=797663873 domain=2037557340
dense-kpg enumerate: scanned=678029380 queued=802838870 domain=2037557340
dense-kpg enumerate: scanned=687117984 queued=806099481 domain=2037557340
dense-kpg enumerate: scanned=696063549 queued=810254855 domain=2037557340
dense-kpg enumerate: scanned=703777078 queued=814064786 domain=2037557340
dense-kpg enumerate: scanned=713440134 queued=818793652 domain=2037557340
dense-kpg enumerate: scanned=723921334 queued=826473505 domain=2037557340
dense-kpg enumerate: scanned=733991145 queued=832022614 domain=2037557340
dense-kpg enumerate: scanned=744747667 queued=836717501 domain=2037557340
dense-kpg enumerate: scanned=754374502 queued=840036478 domain=2037557340
dense-kpg enumerate: scanned=764965135 queued=843035080 domain=2037557340
dense-kpg enumerate: scanned=774602606 queued=845971208 domain=2037557340
dense-kpg enumerate: scanned=784741035 queued=849847277 domain=2037557340
dense-kpg enumerate: scanned=794053895 queued=851683785 domain=2037557340
dense-kpg enumerate: scanned=805645168 queued=855008692 domain=2037557340
dense-kpg enumerate: scanned=815373129 queued=859338391 domain=2037557340
dense-kpg enumerate: scanned=825056173 queued=861228743 domain=2037557340
dense-kpg enumerate: scanned=833839689 queued=862729504 domain=2037557340
dense-kpg enumerate: scanned=844171154 queued=865742970 domain=2037557340
dense-kpg enumerate: scanned=855822300 queued=867656942 domain=2037557340
dense-kpg enumerate: scanned=868894066 queued=869266511 domain=2037557340
dense-kpg classify: scanned=92106237/869287068 resolved_queue=29620237
dense-kpg classify: scanned=189032812/869287068 resolved_queue=65791752
dense-kpg classify: scanned=285654174/869287068 resolved_queue=106857604
dense-kpg classify: scanned=382703227/869287068 resolved_queue=149466333
dense-kpg classify: scanned=479408127/869287068 resolved_queue=192244907
dense-kpg classify: scanned=576731799/869287068 resolved_queue=234985447
dense-kpg classify: scanned=674922681/869287068 resolved_queue=275746740
dense-kpg classify: scanned=775160985/869287068 resolved_queue=319849149
dense-kpg propagate: popped=2441451 queue=366739963 updates=16874568 pred_ids=28142335
dense-kpg propagate: popped=4926348 queue=366763615 updates=33489648 pred_ids=56762454
dense-kpg propagate: popped=7445486 queue=366781483 updates=50067400 pred_ids=86310790
dense-kpg propagate: popped=10297687 queue=366826574 updates=66693394 pred_ids=115913331
dense-kpg propagate: popped=12816528 queue=366853423 updates=83511584 pred_ids=144936202
dense-kpg propagate: popped=15287021 queue=366875298 updates=100080871 pred_ids=173194474
dense-kpg propagate: popped=17948102 queue=366904662 updates=116558384 pred_ids=202742337
dense-kpg propagate: popped=20478296 queue=366934622 updates=133034819 pred_ids=232616287
dense-kpg propagate: popped=23235185 queue=366976263 updates=149320760 pred_ids=262442000
dense-kpg propagate: popped=26052207 queue=367034378 updates=164130158 pred_ids=292277606
dense-kpg propagate: popped=28743911 queue=367053572 updates=181302407 pred_ids=322423730
dense-kpg propagate: popped=31311399 queue=367073713 updates=197437452 pred_ids=352116571
dense-kpg propagate: popped=33741616 queue=367092286 updates=211159643 pred_ids=381494244
dense-kpg propagate: popped=36591511 queue=367140898 updates=227600860 pred_ids=411269925
dense-kpg propagate: popped=39273863 queue=367183459 updates=243159858 pred_ids=440522131
dense-kpg propagate: popped=41932573 queue=367211247 updates=258765205 pred_ids=469814582
dense-kpg propagate: popped=44897363 queue=367247934 updates=277129388 pred_ids=499774623
dense-kpg propagate: popped=47179843 queue=367263568 updates=290008321 pred_ids=529344464
dense-kpg propagate: popped=49986205 queue=367309436 updates=303714153 pred_ids=559013107
dense-kpg propagate: popped=52987388 queue=367374023 updates=321235762 pred_ids=589310072
dense-kpg propagate: popped=55952344 queue=367421521 updates=336685328 pred_ids=618430189
dense-kpg propagate: popped=58837835 queue=367481162 updates=352085412 pred_ids=648582229
dense-kpg propagate: popped=61893646 queue=367531448 updates=367856331 pred_ids=678823130
dense-kpg propagate: popped=64610924 queue=367575936 updates=385535662 pred_ids=708630160
dense-kpg propagate: popped=67010248 queue=367601098 updates=397607652 pred_ids=738036317
dense-kpg propagate: popped=69648245 queue=367620654 updates=412153544 pred_ids=767761496
dense-kpg propagate: popped=72384767 queue=367675757 updates=424776966 pred_ids=796733462
dense-kpg propagate: popped=75205920 queue=367739270 updates=438778546 pred_ids=826609770
dense-kpg propagate: popped=78126032 queue=367784078 updates=454420532 pred_ids=856513308
dense-kpg propagate: popped=81150003 queue=367854890 updates=471277435 pred_ids=886260214
dense-kpg propagate: popped=84400112 queue=367962514 updates=486688136 pred_ids=915953935
dense-kpg propagate: popped=87326970 queue=368036623 updates=501162967 pred_ids=945727258
dense-kpg propagate: popped=90263238 queue=368101485 updates=515542983 pred_ids=975512002
dense-kpg propagate: popped=93123303 queue=368178845 updates=529658406 pred_ids=1005427490
dense-kpg propagate: popped=95827207 queue=368215306 updates=542869393 pred_ids=1035239360
dense-kpg propagate: popped=98604718 queue=368268085 updates=557614276 pred_ids=1063197072
dense-kpg propagate: popped=101104509 queue=368318300 updates=571091292 pred_ids=1091512821
dense-kpg propagate: popped=103806088 queue=368347588 updates=584182956 pred_ids=1121009985
dense-kpg propagate: popped=106653164 queue=368380502 updates=597814484 pred_ids=1150612333
dense-kpg propagate: popped=109800444 queue=368482751 updates=612229229 pred_ids=1180151295
dense-kpg propagate: popped=113103978 queue=368587275 updates=627115613 pred_ids=1210151573
dense-kpg propagate: popped=116035838 queue=368668390 updates=640131154 pred_ids=1239574549
dense-kpg propagate: popped=118264391 queue=368683641 updates=652658868 pred_ids=1269214056
dense-kpg propagate: popped=120588020 queue=368698629 updates=663154544 pred_ids=1297632453
dense-kpg propagate: popped=123072804 queue=368746664 updates=674817538 pred_ids=1327110713
dense-kpg propagate: popped=125985689 queue=368809358 updates=686514701 pred_ids=1356420771
dense-kpg propagate: popped=128803750 queue=368888044 updates=698651294 pred_ids=1384703132
dense-kpg propagate: popped=131671202 queue=369004907 updates=710324879 pred_ids=1414205603
dense-kpg propagate: popped=134808552 queue=369076504 updates=724609717 pred_ids=1443793666
dense-kpg propagate: popped=138088182 queue=369196363 updates=738682062 pred_ids=1473213899
dense-kpg propagate: popped=140966293 queue=369273853 updates=752473977 pred_ids=1501623115
dense-kpg propagate: popped=144191914 queue=369441616 updates=764493133 pred_ids=1530519862
dense-kpg propagate: popped=146533011 queue=369461874 updates=776881001 pred_ids=1560014760
dense-kpg propagate: popped=149736473 queue=369540104 updates=787662135 pred_ids=1589339395
dense-kpg propagate: popped=152484894 queue=369626507 updates=799887370 pred_ids=1619076556
dense-kpg propagate: popped=154875229 queue=369653167 updates=810032256 pred_ids=1647740269
dense-kpg propagate: popped=157236251 queue=369682238 updates=821565167 pred_ids=1675622952
dense-kpg propagate: popped=159637072 queue=369700517 updates=833353199 pred_ids=1703947317
dense-kpg propagate: popped=162525246 queue=369768017 updates=847175317 pred_ids=1732838988
dense-kpg propagate: popped=165614397 queue=369859423 updates=859859231 pred_ids=1761569863
dense-kpg propagate: popped=168094467 queue=369897258 updates=871417267 pred_ids=1790581487
dense-kpg propagate: popped=170639110 queue=369967927 updates=882250017 pred_ids=1818961117
dense-kpg propagate: popped=173258080 queue=370043691 updates=892909697 pred_ids=1847699904
dense-kpg propagate: popped=176240444 queue=370107924 updates=905540823 pred_ids=1875636625
dense-kpg propagate: popped=178979462 queue=370166778 updates=918283608 pred_ids=1903612557
dense-kpg propagate: popped=182319624 queue=370290992 updates=930809046 pred_ids=1932537441
dense-kpg propagate: popped=184646140 queue=370328635 updates=940963682 pred_ids=1961204777
dense-kpg propagate: popped=187259475 queue=370392200 updates=951086089 pred_ids=1989554882
dense-kpg propagate: popped=190833583 queue=370529711 updates=967297746 pred_ids=2019257149
dense-kpg propagate: popped=193466872 queue=370576396 updates=982013780 pred_ids=2049072064
dense-kpg propagate: popped=196576766 queue=370685713 updates=994747642 pred_ids=2078319197
dense-kpg propagate: popped=200214891 queue=370848045 updates=1009648120 pred_ids=2107565866
dense-kpg propagate: popped=203092856 queue=370962941 updates=1021724733 pred_ids=2137064426
dense-kpg propagate: popped=206197573 queue=371050345 updates=1033429538 pred_ids=2166280594
dense-kpg propagate: popped=209023926 queue=371109796 updates=1045198823 pred_ids=2196102575
dense-kpg propagate: popped=211392146 queue=371138466 updates=1055471329 pred_ids=2224705411
dense-kpg propagate: popped=213773637 queue=371160816 updates=1066463909 pred_ids=2253221845
dense-kpg propagate: popped=216481418 queue=371220405 updates=1081249227 pred_ids=2281335603
dense-kpg propagate: popped=219147600 queue=371251272 updates=1092845475 pred_ids=2309608267
dense-kpg propagate: popped=222488910 queue=371320561 updates=1109254418 pred_ids=2338749983
dense-kpg propagate: popped=225909611 queue=371399430 updates=1125776293 pred_ids=2367629070
dense-kpg propagate: popped=229178425 queue=371518575 updates=1137814483 pred_ids=2396620666
dense-kpg propagate: popped=232469950 queue=371590724 updates=1153311544 pred_ids=2425766428
dense-kpg propagate: popped=236004981 queue=371698515 updates=1170281499 pred_ids=2454617346
dense-kpg propagate: popped=238853873 queue=371783720 updates=1184251252 pred_ids=2482834971
dense-kpg propagate: popped=242000719 queue=371921778 updates=1196862287 pred_ids=2511118883
dense-kpg propagate: popped=244815722 queue=372008513 updates=1210063000 pred_ids=2539635579
dense-kpg propagate: popped=247613479 queue=372111900 updates=1221049471 pred_ids=2567700689
dense-kpg propagate: popped=250917806 queue=372239577 updates=1233140879 pred_ids=2595659134
dense-kpg propagate: popped=253704982 queue=372318805 updates=1243678938 pred_ids=2623331984
dense-kpg propagate: popped=256247537 queue=372390688 updates=1253737850 pred_ids=2651000772
dense-kpg propagate: popped=258740775 queue=372447611 updates=1264615298 pred_ids=2678640685
dense-kpg propagate: popped=261808750 queue=372533830 updates=1277074591 pred_ids=2706311644
dense-kpg propagate: popped=264890652 queue=372655481 updates=1292017692 pred_ids=2734376454
dense-kpg propagate: popped=267465244 queue=372716407 updates=1302299101 pred_ids=2762102827
dense-kpg propagate: popped=269923766 queue=372745499 updates=1314288266 pred_ids=2790437491
dense-kpg propagate: popped=272238831 queue=372784873 updates=1322601362 pred_ids=2818472287
dense-kpg propagate: popped=275212909 queue=372911255 updates=1332968523 pred_ids=2846440768
dense-kpg propagate: popped=278307571 queue=373038396 updates=1345018570 pred_ids=2874413295
dense-kpg propagate: popped=281994839 queue=373211238 updates=1361031347 pred_ids=2902949786
dense-kpg propagate: popped=285515340 queue=373358666 updates=1375912161 pred_ids=2931221289
dense-kpg propagate: popped=288804552 queue=373441306 updates=1392069551 pred_ids=2959505270
dense-kpg propagate: popped=291976520 queue=373573854 updates=1403639467 pred_ids=2987709234
dense-kpg propagate: popped=294555957 queue=373678633 updates=1412758659 pred_ids=3015561794
dense-kpg propagate: popped=296906678 queue=373721231 updates=1422818045 pred_ids=3043698890
dense-kpg propagate: popped=299831129 queue=373839511 updates=1431196767 pred_ids=3071375653
dense-kpg propagate: popped=302368681 queue=373915630 updates=1442147028 pred_ids=3099510580
dense-kpg propagate: popped=305120241 queue=373966702 updates=1453155841 pred_ids=3127539688
dense-kpg propagate: popped=308086598 queue=374023936 updates=1467399371 pred_ids=3155976011
dense-kpg propagate: popped=311520310 queue=374145784 updates=1481661724 pred_ids=3184231584
dense-kpg propagate: popped=314679632 queue=374293957 updates=1491976830 pred_ids=3212191909
dense-kpg propagate: popped=317581798 queue=374373182 updates=1503740346 pred_ids=3240369609
dense-kpg propagate: popped=320879327 queue=374496017 updates=1517288502 pred_ids=3268373696
dense-kpg propagate: popped=323622412 queue=374595867 updates=1526361693 pred_ids=3296181121
dense-kpg propagate: popped=327421393 queue=374745484 updates=1540107967 pred_ids=3324267057
dense-kpg propagate: popped=330854213 queue=374877063 updates=1552609468 pred_ids=3352661125
dense-kpg propagate: popped=334034459 queue=375061581 updates=1561606902 pred_ids=3380651336
dense-kpg propagate: popped=336702335 queue=375130475 updates=1569727063 pred_ids=3408671987
dense-kpg propagate: popped=339906123 queue=375286534 updates=1581749666 pred_ids=3436562199
dense-kpg propagate: popped=344000567 queue=375469758 updates=1596311540 pred_ids=3464676305
dense-kpg propagate: popped=347849210 queue=375655531 updates=1609293868 pred_ids=3492531698
dense-kpg propagate: popped=350965731 queue=375806999 updates=1618869767 pred_ids=3520295223
dense-kpg propagate: popped=353761036 queue=375927430 updates=1626522021 pred_ids=3548012185
dense-kpg propagate: popped=356642493 queue=376029110 updates=1634500017 pred_ids=3575591026
dense-kpg propagate: popped=360603744 queue=376240640 updates=1645766622 pred_ids=3603477190
dense-kpg propagate: popped=363533735 queue=376372501 updates=1652924496 pred_ids=3631148347
dense-kpg propagate: popped=366998810 queue=377887835 updates=1660302964 pred_ids=3658427609
dense-kpg propagate: popped=368576063 queue=382930137 updates=1665345266 pred_ids=3685582668
dense-kpg propagate: popped=370225170 queue=387420503 updates=1669835632 pred_ids=3712687201
dense-kpg propagate: popped=371806276 queue=391751365 updates=1674166494 pred_ids=3739835416
dense-kpg propagate: popped=373478704 queue=395713118 updates=1678128247 pred_ids=3767084874
dense-kpg propagate: popped=375113546 queue=398997634 updates=1681412763 pred_ids=3794108995
dense-kpg propagate: popped=377003775 queue=401458659 updates=1685348693 pred_ids=3821270777
dense-kpg propagate: popped=381119309 queue=403620973 updates=1703231408 pred_ids=3846158384
dense-kpg propagate: popped=385006358 queue=405686160 updates=1720934300 pred_ids=3871164797
dense-kpg propagate: popped=389029042 queue=407874118 updates=1738217831 pred_ids=3896074659
dense-kpg propagate: popped=393316122 queue=410091001 updates=1755548043 pred_ids=3920945206
dense-kpg propagate: popped=397758850 queue=412460793 updates=1772642675 pred_ids=3945600603
dense-kpg propagate: popped=401648888 queue=415797453 updates=1785667841 pred_ids=3970283661
dense-kpg propagate: popped=402900170 queue=420355458 updates=1790225846 pred_ids=3995994379
dense-kpg propagate: popped=404189553 queue=424611147 updates=1794481535 pred_ids=4021683921
dense-kpg propagate: popped=405522797 queue=428993166 updates=1798863554 pred_ids=4047460428
dense-kpg propagate: popped=406852019 queue=433279964 updates=1803150352 pred_ids=4073194817
dense-kpg propagate: popped=408159531 queue=437432325 updates=1807302713 pred_ids=4098851228
dense-kpg propagate: popped=409492100 queue=441365511 updates=1811235899 pred_ids=4124566291
dense-kpg propagate: popped=410850923 queue=445588484 updates=1815458872 pred_ids=4150308670
dense-kpg propagate: popped=412203700 queue=449456955 updates=1819327343 pred_ids=4176049997
dense-kpg propagate: popped=413538466 queue=453188589 updates=1823058977 pred_ids=4201806762
dense-kpg propagate: popped=415581863 queue=456243292 updates=1831107092 pred_ids=4227283780
dense-kpg propagate: popped=418828032 queue=457984102 updates=1847676907 pred_ids=4252116411
dense-kpg propagate: popped=422097694 queue=459672997 updates=1864257188 pred_ids=4277196080
dense-kpg propagate: popped=425148292 queue=461167027 updates=1880160255 pred_ids=4302260877
dense-kpg propagate: popped=428157763 queue=462672668 updates=1895863345 pred_ids=4327153847
dense-kpg propagate: popped=431211034 queue=464100435 updates=1911377169 pred_ids=4352033632
dense-kpg propagate: popped=434288628 queue=465519096 updates=1926945715 pred_ids=4377202922
dense-kpg propagate: popped=437484486 queue=466999569 updates=1942442015 pred_ids=4402176226
dense-kpg propagate: popped=440849719 queue=468809301 updates=1958706415 pred_ids=4427097016
dense-kpg propagate: popped=443911554 queue=470183197 updates=1974229572 pred_ids=4451973254
dense-kpg propagate: popped=447103467 queue=471678027 updates=1990290800 pred_ids=4476730680
dense-kpg propagate: popped=450375663 queue=473077569 updates=2005709383 pred_ids=4501873487
dense-kpg propagate: popped=453780955 queue=474590178 updates=2021673721 pred_ids=4527028816
dense-kpg propagate: popped=456226718 queue=476846328 updates=2031483969 pred_ids=4552147578
dense-kpg propagate: popped=457567416 queue=479763166 updates=2034400807 pred_ids=4577051189
dense-kpg propagate: popped=458921844 queue=482759240 updates=2037396881 pred_ids=4601931817
dense-kpg propagate: popped=460252213 queue=485629779 updates=2040267420 pred_ids=4626525367
dense-kpg propagate: popped=461617885 queue=488637217 updates=2043274858 pred_ids=4651199147
dense-kpg propagate: popped=462985570 queue=491981766 updates=2046619407 pred_ids=4676016849
dense-kpg propagate: popped=464363119 queue=495165097 updates=2049802738 pred_ids=4700780278
dense-kpg propagate: popped=465738002 queue=497971218 updates=2052608859 pred_ids=4725464294
dense-kpg propagate: popped=467100567 queue=500828400 updates=2055466041 pred_ids=4749955391
dense-kpg propagate: popped=468460806 queue=503723460 updates=2058361101 pred_ids=4774766879
dense-kpg propagate: popped=469826582 queue=506791879 updates=2061429520 pred_ids=4799373377
dense-kpg propagate: popped=471189021 queue=509898878 updates=2064536519 pred_ids=4823971070
dense-kpg propagate: popped=472577372 queue=512636800 updates=2067274441 pred_ids=4848593173
dense-kpg propagate: popped=473930279 queue=515245426 updates=2069883067 pred_ids=4873006570
dense-kpg propagate: popped=475369101 queue=517846515 updates=2072843043 pred_ids=4897769041
dense-kpg propagate: popped=478410803 queue=519696711 updates=2088958263 pred_ids=4922475551
dense-kpg propagate: popped=481322270 queue=521442708 updates=2104413524 pred_ids=4947256122
dense-kpg propagate: popped=484233723 queue=522989199 updates=2119660703 pred_ids=4972095852
dense-kpg propagate: popped=487050034 queue=524476177 updates=2134335204 pred_ids=4996843458
dense-kpg propagate: popped=489742338 queue=525773230 updates=2148681846 pred_ids=5021638812
dense-kpg propagate: popped=492596611 queue=527224887 updates=2163568369 pred_ids=5046305940
dense-kpg propagate: popped=495352271 queue=528494584 updates=2177689176 pred_ids=5071208079
dense-kpg propagate: popped=498220891 queue=529915590 updates=2192249445 pred_ids=5095943002
dense-kpg propagate: popped=501178298 queue=531339881 updates=2207061190 pred_ids=5120500192
dense-kpg propagate: popped=504236308 queue=532821239 updates=2222227639 pred_ids=5145171865
dense-kpg propagate: popped=507022848 queue=534031540 updates=2236261242 pred_ids=5169919891
dense-kpg propagate: popped=509902891 queue=535361603 updates=2251131771 pred_ids=5194490475
dense-kpg propagate: popped=512881743 queue=536684065 updates=2265973010 pred_ids=5219375163
dense-kpg propagate: popped=516022821 queue=538010280 updates=2280666692 pred_ids=5244132414
dense-kpg propagate: popped=518416153 queue=539854364 updates=2290265999 pred_ids=5268957498
dense-kpg propagate: popped=519848864 queue=542250964 updates=2292662599 pred_ids=5293590089
dense-kpg propagate: popped=521289060 queue=544739165 updates=2295150800 pred_ids=5318187621
dense-kpg propagate: popped=522731345 queue=547369741 updates=2297781376 pred_ids=5342715466
dense-kpg propagate: popped=524175742 queue=549701220 updates=2300112855 pred_ids=5367136571
dense-kpg propagate: popped=525635909 queue=552385084 updates=2302796719 pred_ids=5391583482
dense-kpg propagate: popped=527070927 queue=555164924 updates=2305576559 pred_ids=5415946569
dense-kpg propagate: popped=528524193 queue=557786280 updates=2308197915 pred_ids=5440338909
dense-kpg propagate: popped=529962651 queue=560202346 updates=2310613981 pred_ids=5464612681
dense-kpg propagate: popped=531389859 queue=562810424 updates=2313222059 pred_ids=5488881024
dense-kpg propagate: popped=532823312 queue=565270936 updates=2315682571 pred_ids=5513204501
dense-kpg propagate: popped=534261585 queue=567846932 updates=2318258567 pred_ids=5537455809
dense-kpg propagate: popped=535686608 queue=570600497 updates=2321012132 pred_ids=5561824879
dense-kpg propagate: popped=537127648 queue=572977758 updates=2323389393 pred_ids=5586013744
dense-kpg propagate: popped=538550551 queue=575442369 updates=2325854004 pred_ids=5610101221
dense-kpg propagate: popped=541088773 queue=577180867 updates=2338318643 pred_ids=5635143849
dense-kpg propagate: popped=543687285 queue=578729553 updates=2351787106 pred_ids=5660312231
dense-kpg propagate: popped=546267554 queue=580124676 updates=2364763024 pred_ids=5685532177
dense-kpg propagate: popped=548907988 queue=581621446 updates=2378098718 pred_ids=5710655133
dense-kpg propagate: popped=551410058 queue=582888908 updates=2390419020 pred_ids=5735605090
dense-kpg propagate: popped=553919989 queue=584137564 updates=2403120735 pred_ids=5760607545
dense-kpg propagate: popped=556545158 queue=585462919 updates=2416117562 pred_ids=5785657336
dense-kpg propagate: popped=559191203 queue=586857080 updates=2429244108 pred_ids=5810646156
dense-kpg propagate: popped=561873590 queue=588204857 updates=2442358444 pred_ids=5835630504
dense-kpg propagate: popped=564629061 queue=589638488 updates=2456048257 pred_ids=5860608227
dense-kpg propagate: popped=567277893 queue=590910383 updates=2469098451 pred_ids=5885558155
dense-kpg propagate: popped=569965352 queue=592201986 updates=2482644792 pred_ids=5910466728
dense-kpg propagate: popped=572718168 queue=593500653 updates=2495889820 pred_ids=5935503658
dense-kpg propagate: popped=575581152 queue=594805192 updates=2509376600 pred_ids=5960452347
dense-kpg propagate: popped=577203564 queue=596752944 updates=2511812681 pred_ids=5985129945
dense-kpg propagate: popped=578743947 queue=598833139 updates=2513892876 pred_ids=6009745871
dense-kpg propagate: popped=580301910 queue=600952636 updates=2516012373 pred_ids=6034324033
dense-kpg propagate: popped=581841980 queue=602984107 updates=2518043844 pred_ids=6058863758
dense-kpg propagate: popped=583394788 queue=605185284 updates=2520245021 pred_ids=6083308720
dense-kpg propagate: popped=584911475 queue=607525254 updates=2522584991 pred_ids=6107702773
dense-kpg propagate: popped=586454940 queue=609608849 updates=2524668586 pred_ids=6132246082
dense-kpg propagate: popped=587964710 queue=611731997 updates=2526791734 pred_ids=6156463639
dense-kpg propagate: popped=589475176 queue=613893594 updates=2528953331 pred_ids=6180788913
dense-kpg propagate: popped=590981693 queue=616033714 updates=2531093451 pred_ids=6205019082
dense-kpg propagate: popped=592475784 queue=618182195 updates=2533241932 pred_ids=6229249446
dense-kpg propagate: popped=593966985 queue=620185838 updates=2535245575 pred_ids=6253337098
dense-kpg propagate: popped=595885262 queue=621956233 updates=2541408701 pred_ids=6277948805
dense-kpg propagate: popped=598386113 queue=623444258 updates=2553330687 pred_ids=6303333717
dense-kpg propagate: popped=600853112 queue=624863792 updates=2565133761 pred_ids=6328694877
dense-kpg propagate: popped=603356495 queue=626314126 updates=2577318438 pred_ids=6353976280
dense-kpg propagate: popped=605784090 queue=627628864 updates=2589094424 pred_ids=6379219748
dense-kpg propagate: popped=608314169 queue=628976453 updates=2601310028 pred_ids=6404345553
dense-kpg propagate: popped=610872553 queue=630347680 updates=2613549484 pred_ids=6429497489
dense-kpg propagate: popped=613458168 queue=631672758 updates=2626099620 pred_ids=6454733627
dense-kpg propagate: popped=616095111 queue=633036745 updates=2638597025 pred_ids=6479774663
dense-kpg propagate: popped=618736885 queue=634430485 updates=2651516946 pred_ids=6504740860
dense-kpg propagate: popped=621464919 queue=635821970 updates=2663492570 pred_ids=6529784392
dense-kpg propagate: popped=623100383 queue=637509450 updates=2665180050 pred_ids=6554541740
dense-kpg propagate: popped=624741844 queue=639349381 updates=2667019981 pred_ids=6579345142
dense-kpg propagate: popped=626348179 queue=641201539 updates=2668872139 pred_ids=6604098789
dense-kpg propagate: popped=627954837 queue=643161201 updates=2670831801 pred_ids=6628645369
dense-kpg propagate: popped=629532055 queue=645039104 updates=2672709704 pred_ids=6653143768
dense-kpg propagate: popped=631119929 queue=646827137 updates=2674497737 pred_ids=6677513534
dense-kpg propagate: popped=632674733 queue=648679609 updates=2676350209 pred_ids=6701944157
dense-kpg propagate: popped=634238449 queue=650422229 updates=2678092829 pred_ids=6726258203
dense-kpg propagate: popped=635836903 queue=652120934 updates=2680323591 pred_ids=6750400464
dense-kpg propagate: popped=638205416 queue=653691191 updates=2691714637 pred_ids=6776070478
dense-kpg propagate: popped=640593101 queue=655119587 updates=2703132194 pred_ids=6801687230
dense-kpg propagate: popped=642970063 queue=656524351 updates=2714597519 pred_ids=6827089562
dense-kpg propagate: popped=645430278 queue=657991459 updates=2726554099 pred_ids=6852405189
dense-kpg propagate: popped=647934928 queue=659473364 updates=2738710414 pred_ids=6877747100
dense-kpg propagate: popped=650451518 queue=660979573 updates=2751050273 pred_ids=6902924229
dense-kpg propagate: popped=652737058 queue=662485784 updates=2759056451 pred_ids=6927883085
dense-kpg propagate: popped=654440301 queue=664056580 updates=2760627247 pred_ids=6952718244
dense-kpg propagate: popped=656095099 queue=665718614 updates=2762289281 pred_ids=6977475991
dense-kpg propagate: popped=657740554 queue=667372930 updates=2763943597 pred_ids=7002126474
dense-kpg propagate: popped=659371274 queue=669001198 updates=2765571865 pred_ids=7026688337
dense-kpg propagate: popped=660990716 queue=670526355 updates=2767097022 pred_ids=7051053124
dense-kpg propagate: popped=662892491 queue=672080606 updates=2772677952 pred_ids=7075755769
dense-kpg propagate: popped=665197233 queue=673560754 updates=2783703332 pred_ids=7101160561
dense-kpg propagate: popped=667523922 queue=675032125 updates=2795039402 pred_ids=7126361507
dense-kpg propagate: popped=669941248 queue=676591857 updates=2806845354 pred_ids=7151555195
dense-kpg propagate: popped=672117091 queue=678185453 updates=2814437623 pred_ids=7176369792
dense-kpg propagate: popped=673829212 queue=679824697 updates=2816076867 pred_ids=7201244654
dense-kpg propagate: popped=675499685 queue=681481696 updates=2817733866 pred_ids=7225840566
dense-kpg propagate: popped=677155232 queue=683054288 updates=2819306458 pred_ids=7250530551
dense-kpg propagate: popped=679207151 queue=684531654 updates=2827519448 pred_ids=7275563153
dense-kpg propagate: popped=681495660 queue=686066939 updates=2838809483 pred_ids=7300686562
dense-kpg propagate: popped=683748541 queue=687768795 updates=2848836277 pred_ids=7325773017
dense-kpg propagate: popped=685447299 queue=689597970 updates=2850665452 pred_ids=7350598311
dense-kpg propagate: popped=687135778 queue=691414225 updates=2852481707 pred_ids=7375559983
dense-kpg propagate: popped=689210536 queue=692902223 updates=2861280326 pred_ids=7400646641
dense-kpg propagate: popped=691469628 queue=694420125 updates=2872517802 pred_ids=7425756784
dense-kpg propagate: popped=693285228 queue=696419573 updates=2875689924 pred_ids=7450797573
dense-kpg propagate: popped=695099670 queue=698283294 updates=2879580020 pred_ids=7475729915
dense-kpg propagate: popped=697248901 queue=699633505 updates=2890027078 pred_ids=7500598107
dense-kpg propagate: popped=699151675 queue=701701177 updates=2895100245 pred_ids=7525628181
dense-kpg propagate: popped=701074298 queue=703585588 updates=2901029745 pred_ids=7550697790
dense-kpg propagate: popped=703136020 queue=704963700 updates=2910252164 pred_ids=7575501903
dense-kpg propagate: popped=704975264 queue=707413393 updates=2913778941 pred_ids=7600631404
dense-kpg propagate: popped=707026437 queue=708664016 updates=2923400201 pred_ids=7625467103
dense-kpg propagate: popped=708900317 queue=711171094 updates=2927228091 pred_ids=7650573041
dense-kpg propagate: popped=710917943 queue=712443267 updates=2936684336 pred_ids=7675477812
dense-kpg propagate: popped=712824296 queue=714902099 updates=2941074306 pred_ids=7700628755
dense-kpg propagate: popped=714813148 queue=716176721 updates=2949910281 pred_ids=7725571679
dense-kpg propagate: popped=716736204 queue=718534322 updates=2954968494 pred_ids=7750490431
dense-kpg propagate: popped=718697834 queue=720232659 updates=2962102974 pred_ids=7775443341
dense-kpg propagate: popped=720631320 queue=722126899 updates=2969035990 pred_ids=7800346151
dense-kpg propagate: popped=722590005 queue=724414457 updates=2974229016 pred_ids=7825263217
dense-kpg propagate: popped=724520358 queue=725753466 updates=2982332799 pred_ids=7850167121
dense-kpg propagate: popped=726467049 queue=727827949 updates=2987894187 pred_ids=7874825408
dense-kpg propagate: popped=728413810 queue=729924110 updates=2993148247 pred_ids=7899439592
dense-kpg propagate: popped=730337788 queue=731507321 updates=3000050757 pred_ids=7924165283
dense-kpg propagate: popped=732271659 queue=733181223 updates=3006690640 pred_ids=7948730738
dense-kpg propagate: popped=734205251 queue=735077292 updates=3012494023 pred_ids=7973016140
dense-kpg propagate: popped=736138157 queue=736888659 updates=3018256581 pred_ids=7997392161
dense-kpg propagate: popped=738093637 queue=738775999 updates=3023591886 pred_ids=8021627006
dense-kpg propagate: popped=740036572 queue=740625971 updates=3029038013 pred_ids=8045888692
dense-kpg propagate: popped=741972294 queue=742414158 updates=3034365334 pred_ids=8070107966
dense-kpg propagate: popped=743910899 queue=744200530 updates=3039841362 pred_ids=8094446444
dense-kpg propagate: popped=745849870 queue=746034798 updates=3044981987 pred_ids=8118787017
dense-kpg propagate: popped=747777835 queue=747863543 updates=3050318214 pred_ids=8143290077
dense-kpg stats: scanned=1017699974/2037557340 reachable=523611408
dense-kpg stats: scanned=2035081879/2037557340 reachable=869287068
=== dense-rank KPG ===
  raw rank domain                   : 2037557340
  positions (reachable, canonical)  : 869287068
  start id / value                  : 1647507943 / 0
  W / L / D                         : 606922331 / 142074547 / 120290190
  max DTM                           : 155 plies
  total legal moves                 : 10250756260
  avg branching (reachable)         : 11.792142
  propagation predecessor updates   : 3053600053
  predecessor candidates / ids      : 16317988874 / 8158994437
  duplicate predecessor ids         : 8158994437
  enumerate / classify / propagate  : 3150.526s / 268.656s / 9229.234s
  stats scan                        : 60.072s
  audit                             : skipped
  total wall-clock                  : 12708.934s
	Command being timed: "solver/target/release/solve_dense_kpg --out-dir research/runs/dense-kpg-2026-06-12"
	User time (seconds): 12700.39
	System time (seconds): 7.42
	Percent of CPU this job got: 99%
	Elapsed (wall clock) time (h:mm:ss or m:ss): 3:31:48
	Average shared text size (kbytes): 0
	Average unshared data size (kbytes): 0
	Average stack size (kbytes): 0
	Average total size (kbytes): 0
	Maximum resident set size (kbytes): 7198160
	Average resident set size (kbytes): 0
	Major (requiring I/O) page faults: 0
	Minor (reclaiming a frame) page faults: 2342897
	Voluntary context switches: 4
	Involuntary context switches: 86826
	Swaps: 0
	File system inputs: 16
	File system outputs: 8
	Socket messages sent: 0
	Socket messages received: 0
	Signals delivered: 0
	Page size (bytes): 4096
	Exit status: 0
