    Finished `release` profile [optimized] target(s) in 0.02s
     Running `solver/target/release/solve KPG --out-dir research/runs/kpg-2026-06-11 --dump-table --audit-large`

=== rung KPG   start S/k-g-/p---/----/---P/-G-K/- ===
  positions (reachable, canonical) : 869287068
  start value                       : 0  (draw)
  W / L / D                         : 606922331 / 142074547 / 120290190
  max DTM                           : 155 plies
  avg branching (reachable)         : 11.792
  total legal moves                 : 10250756260
  propagation edge-ops / ns-per-edge: 4567032875 / 93 ns
  solve wall ns/legal-move          : 1208 ns
  solve wall-clock (push)           : 12385.279855221s
  VALIDATION  audit=0  push-vs-pull=skipped(>1M)  -> PASS
	Command being timed: "cargo run --manifest-path solver/Cargo.toml --release --bin solve KPG --out-dir research/runs/kpg-2026-06-11 --dump-table --audit-large"
	User time (seconds): 14520.61
	System time (seconds): 240.48
	Percent of CPU this job got: 94%
	Elapsed (wall clock) time (h:mm:ss or m:ss): 4:21:08
	Average shared text size (kbytes): 0
	Average unshared data size (kbytes): 0
	Average stack size (kbytes): 0
	Average total size (kbytes): 0
	Maximum resident set size (kbytes): 63486272
	Average resident set size (kbytes): 0
	Major (requiring I/O) page faults: 4199621
	Minor (reclaiming a frame) page faults: 51594308
	Voluntary context switches: 4300289
	Involuntary context switches: 77253
	Swaps: 0
	File system inputs: 111015136
	File system outputs: 33956584
	Socket messages sent: 0
	Socket messages received: 0
	Signals delivered: 0
	Page size (bytes): 4096
	Exit status: 0
