dense-kpg enumerate: scanned=5571071 queued=20424608 domain=2037557340
dense-kpg enumerate: scanned=11799714 queued=38502659 domain=2037557340
dense-kpg enumerate: scanned=17133968 queued=56574506 domain=2037557340
dense-kpg enumerate: scanned=23099800 queued=72607672 domain=2037557340
dense-kpg enumerate: scanned=29059971 queued=88719124 domain=2037557340
dense-kpg enumerate: scanned=35091034 queued=103391729 domain=2037557340
dense-kpg enumerate: scanned=42111742 queued=117519788 domain=2037557340
dense-kpg enumerate: scanned=47991812 queued=134640881 domain=2037557340
dense-kpg enumerate: scanned=54851867 queued=147249139 domain=2037557340
dense-kpg enumerate: scanned=61084309 queued=164916842 domain=2037557340
dense-kpg enumerate: scanned=67313263 queued=181152486 domain=2037557340
dense-kpg enumerate: scanned=74204133 queued=192696939 domain=2037557340
dense-kpg enumerate: scanned=81332074 queued=205509799 domain=2037557340
dense-kpg enumerate: scanned=88370095 queued=219163314 domain=2037557340
dense-kpg enumerate: scanned=94976440 queued=228201441 domain=2037557340
dense-kpg enumerate: scanned=102345166 queued=242253519 domain=2037557340
dense-kpg enumerate: scanned=109272650 queued=253954055 domain=2037557340
dense-kpg enumerate: scanned=115905009 queued=263467763 domain=2037557340
dense-kpg enumerate: scanned=122621614 queued=274384928 domain=2037557340
dense-kpg enumerate: scanned=129333914 queued=283098678 domain=2037557340
dense-kpg enumerate: scanned=137011732 queued=291030775 domain=2037557340
dense-kpg enumerate: scanned=144794486 queued=301872525 domain=2037557340
dense-kpg enumerate: scanned=152166836 queued=311399584 domain=2037557340
dense-kpg enumerate: scanned=159208392 queued=318440502 domain=2037557340
dense-kpg enumerate: scanned=166274941 queued=326995571 domain=2037557340
dense-kpg enumerate: scanned=173884971 queued=332095405 domain=2037557340
dense-kpg enumerate: scanned=181745257 queued=340070665 domain=2037557340
dense-kpg enumerate: scanned=189622565 queued=351349503 domain=2037557340
dense-kpg enumerate: scanned=196904134 queued=363043116 domain=2037557340
dense-kpg enumerate: scanned=205341349 queued=371947643 domain=2037557340
dense-kpg enumerate: scanned=212105636 queued=381009949 domain=2037557340
dense-kpg enumerate: scanned=220674661 queued=384353029 domain=2037557340
dense-kpg enumerate: scanned=228133890 queued=392752337 domain=2037557340
dense-kpg enumerate: scanned=235684963 queued=400311160 domain=2037557340
dense-kpg enumerate: scanned=242639676 queued=410641312 domain=2037557340
dense-kpg enumerate: scanned=250074937 queued=420886528 domain=2037557340
dense-kpg enumerate: scanned=257923866 queued=428249220 domain=2037557340
dense-kpg enumerate: scanned=267074538 queued=437612660 domain=2037557340
dense-kpg enumerate: scanned=274872282 queued=449148583 domain=2037557340
dense-kpg enumerate: scanned=284096343 queued=455848122 domain=2037557340
dense-kpg enumerate: scanned=292563205 queued=463049357 domain=2037557340
dense-kpg enumerate: scanned=301001582 queued=468144864 domain=2037557340
dense-kpg enumerate: scanned=308757214 queued=479086568 domain=2037557340
dense-kpg enumerate: scanned=317285502 queued=488060866 domain=2037557340
dense-kpg enumerate: scanned=326275688 queued=498032460 domain=2037557340
dense-kpg enumerate: scanned=335709090 queued=505434338 domain=2037557340
dense-kpg enumerate: scanned=344292820 queued=513554381 domain=2037557340
dense-kpg enumerate: scanned=351589657 queued=522765772 domain=2037557340
dense-kpg enumerate: scanned=358669269 queued=532662530 domain=2037557340
dense-kpg enumerate: scanned=366049440 queued=541494747 domain=2037557340
dense-kpg enumerate: scanned=374150164 queued=553788807 domain=2037557340
dense-kpg enumerate: scanned=383602733 queued=561423213 domain=2037557340
dense-kpg enumerate: scanned=391511480 queued=569734074 domain=2037557340
dense-kpg enumerate: scanned=400007903 queued=582415148 domain=2037557340
dense-kpg enumerate: scanned=407838264 queued=591979544 domain=2037557340
dense-kpg enumerate: scanned=415171113 queued=603250096 domain=2037557340
dense-kpg enumerate: scanned=424453900 queued=610831922 domain=2037557340
dense-kpg enumerate: scanned=433730878 queued=616324276 domain=2037557340
dense-kpg enumerate: scanned=441887824 queued=624753192 domain=2037557340
dense-kpg enumerate: scanned=450139898 queued=632038038 domain=2037557340
dense-kpg enumerate: scanned=458953827 queued=637381383 domain=2037557340
dense-kpg enumerate: scanned=467577080 queued=647051210 domain=2037557340
dense-kpg enumerate: scanned=475303718 queued=654335701 domain=2037557340
dense-kpg enumerate: scanned=482224232 queued=662065863 domain=2037557340
dense-kpg enumerate: scanned=490693118 queued=666803810 domain=2037557340
dense-kpg enumerate: scanned=500029375 queued=673218567 domain=2037557340
dense-kpg enumerate: scanned=508880320 queued=680340515 domain=2037557340
dense-kpg enumerate: scanned=517280316 queued=690890002 domain=2037557340
dense-kpg enumerate: scanned=527086785 queued=698273867 domain=2037557340
dense-kpg enumerate: scanned=534655824 queued=707060679 domain=2037557340
dense-kpg enumerate: scanned=543863356 queued=714683037 domain=2037557340
dense-kpg enumerate: scanned=552913654 queued=719246003 domain=2037557340
dense-kpg enumerate: scanned=561705509 queued=725140444 domain=2037557340
dense-kpg enumerate: scanned=570259592 queued=728472386 domain=2037557340
dense-kpg enumerate: scanned=576903643 queued=734981216 domain=2037557340
dense-kpg enumerate: scanned=584746515 queued=739314842 domain=2037557340
dense-kpg enumerate: scanned=592233553 queued=745234932 domain=2037557340
dense-kpg enumerate: scanned=600784481 queued=751274489 domain=2037557340
dense-kpg enumerate: scanned=609362552 queued=758478355 domain=2037557340
dense-kpg enumerate: scanned=618938805 queued=764319210 domain=2037557340
dense-kpg enumerate: scanned=627216518 queued=770247859 domain=2037557340
dense-kpg enumerate: scanned=635873512 queued=777127724 domain=2037557340
dense-kpg enumerate: scanned=643942100 queued=780743867 domain=2037557340
dense-kpg enumerate: scanned=652260440 queued=787353385 domain=2037557340
dense-kpg enumerate: scanned=659199761 queued=792433771 domain=2037557340
dense-kpg enumerate: scanned=667601806 queued=797394036 domain=2037557340
dense-kpg enumerate: scanned=677357849 queued=802724947 domain=2037557340
dense-kpg enumerate: scanned=686335987 queued=805652146 domain=2037557340
dense-kpg enumerate: scanned=694869229 queued=809682579 domain=2037557340
dense-kpg enumerate: scanned=702872604 queued=813671460 domain=2037557340
dense-kpg enumerate: scanned=711782668 queued=818366627 domain=2037557340
dense-kpg enumerate: scanned=722049982 queued=825810247 domain=2037557340
dense-kpg enumerate: scanned=732456049 queued=831685345 domain=2037557340
dense-kpg enumerate: scanned=743205212 queued=836032076 domain=2037557340
dense-kpg enumerate: scanned=752415602 queued=839443305 domain=2037557340
dense-kpg enumerate: scanned=762333643 queued=842381522 domain=2037557340
dense-kpg enumerate: scanned=772213822 queued=845251417 domain=2037557340
dense-kpg enumerate: scanned=782198393 queued=849503991 domain=2037557340
dense-kpg enumerate: scanned=792100867 queued=851345429 domain=2037557340
dense-kpg enumerate: scanned=802347683 queued=853605027 domain=2037557340
dense-kpg enumerate: scanned=812804772 queued=858088107 domain=2037557340
dense-kpg enumerate: scanned=822895174 queued=860910053 domain=2037557340
dense-kpg enumerate: scanned=832116523 queued=862513424 domain=2037557340
dense-kpg enumerate: scanned=842226775 queued=865295187 domain=2037557340
dense-kpg enumerate: scanned=854820176 queued=867560721 domain=2037557340
dense-kpg enumerate: scanned=867419715 queued=869167335 domain=2037557340
dense-kpg classify: scanned=94385108/869287068 resolved_queue=30439818
dense-kpg classify: scanned=195902140/869287068 resolved_queue=68373536
dense-kpg classify: scanned=296261253/869287068 resolved_queue=111956812
dense-kpg classify: scanned=397742366/869287068 resolved_queue=155142809
dense-kpg classify: scanned=497601763/869287068 resolved_queue=201440824
dense-kpg classify: scanned=600523372/869287068 resolved_queue=244419211
dense-kpg classify: scanned=702467258/869287068 resolved_queue=287982934
dense-kpg classify: scanned=806504623/869287068 resolved_queue=335287959
dense-kpg propagate: popped=4646839 queue=366759926 updates=31868925 pred_ids=53940524
dense-kpg propagate: popped=9682574 queue=366819523 updates=63307378 pred_ids=109530986
dense-kpg propagate: popped=14406887 queue=366861644 updates=94908063 pred_ids=164351423
dense-kpg propagate: popped=19127283 queue=366913914 updates=124608850 pred_ids=217974789
dense-kpg propagate: popped=24178652 queue=366987043 updates=154801152 pred_ids=273537118
dense-kpg propagate: popped=29360046 queue=367056113 updates=185652783 pred_ids=329154837
dense-kpg propagate: popped=34006090 queue=367100504 updates=212420917 pred_ids=384525841
dense-kpg propagate: popped=39117407 queue=367180586 updates=242413911 pred_ids=438650553
dense-kpg propagate: popped=44227717 queue=367237304 updates=273379997 pred_ids=494314994
dense-kpg propagate: popped=48676493 queue=367280265 updates=297184725 pred_ids=547966491
dense-kpg propagate: popped=54431618 queue=367398967 updates=328825308 pred_ids=603213673
dense-kpg propagate: popped=60218936 queue=367509522 updates=358851618 pred_ids=660670371
dense-kpg propagate: popped=65368841 queue=367587386 updates=389348902 pred_ids=717525293
dense-kpg propagate: popped=69967438 queue=367622564 updates=413402949 pred_ids=772297543
dense-kpg propagate: popped=75290811 queue=367741011 updates=439125399 pred_ids=827351991
dense-kpg propagate: popped=80630478 queue=367842200 updates=468704117 pred_ids=881611182
dense-kpg propagate: popped=86365393 queue=368012735 updates=495896731 pred_ids=935680560
dense-kpg propagate: popped=91881571 queue=368162455 updates=523676829 pred_ids=991244716
dense-kpg propagate: popped=96795132 queue=368227778 updates=547554037 pred_ids=1045845008
dense-kpg propagate: popped=101883777 queue=368325457 updates=574967154 pred_ids=1100535495
dense-kpg propagate: popped=106849984 queue=368384418 updates=598556583 pred_ids=1153302520
dense-kpg propagate: popped=112828676 queue=368581139 updates=626010377 pred_ids=1208107174
dense-kpg propagate: popped=117676318 queue=368676848 updates=649558942 pred_ids=1261465004
dense-kpg propagate: popped=122126870 queue=368724586 updates=669908010 pred_ids=1315999802
dense-kpg propagate: popped=127329098 queue=368839729 updates=691945061 pred_ids=1370891532
dense-kpg propagate: popped=132869218 queue=369024285 updates=714889887 pred_ids=1426304481
dense-kpg propagate: popped=138898481 queue=369205130 updates=743512625 pred_ids=1480867031
dense-kpg propagate: popped=144498940 queue=369443481 updates=765456700 pred_ids=1534697464
dense-kpg propagate: popped=149656052 queue=369539787 updates=787440160 pred_ids=1588325947
dense-kpg propagate: popped=154493650 queue=369648425 updates=808763226 pred_ids=1643336037
dense-kpg propagate: popped=159137724 queue=369697047 updates=830437417 pred_ids=1697899494
dense-kpg propagate: popped=164782775 queue=369821129 updates=857199305 pred_ids=1753825469
dense-kpg propagate: popped=169597480 queue=369946826 updates=877956109 pred_ids=1807834897
dense-kpg propagate: popped=174856140 queue=370075688 updates=899177445 pred_ids=1862693918
dense-kpg propagate: popped=180347562 queue=370205684 updates=923601911 pred_ids=1916052586
dense-kpg propagate: popped=185247970 queue=370336966 updates=943716698 pred_ids=1968397042
dense-kpg propagate: popped=191237782 queue=370544835 updates=969303543 pred_ids=2023236346
dense-kpg propagate: popped=196537375 queue=370685103 updates=994594703 pred_ids=2077989725
dense-kpg propagate: popped=202522715 queue=370944337 updates=1018776120 pred_ids=2131324198
dense-kpg propagate: popped=208256234 queue=371095843 updates=1041976507 pred_ids=2186154173
dense-kpg propagate: popped=212705359 queue=371146019 updates=1061002474 pred_ids=2242100560
dense-kpg propagate: popped=217994757 queue=371237207 updates=1088273587 pred_ids=2297352454
dense-kpg propagate: popped=224407893 queue=371378668 updates=1118035218 pred_ids=2353333848
dense-kpg propagate: popped=230716565 queue=371547709 updates=1144147364 pred_ids=2410007642
dense-kpg propagate: popped=237278590 queue=371765003 updates=1175123671 pred_ids=2465240807
dense-kpg propagate: popped=242847460 queue=371947649 updates=1200306407 pred_ids=2519548479
dense-kpg propagate: popped=248628245 queue=372149065 updates=1224911333 pred_ids=2575033089
dense-kpg propagate: popped=254151037 queue=372328007 updates=1245685067 pred_ids=2628472316
dense-kpg propagate: popped=259131737 queue=372455813 updates=1265867799 pred_ids=2682881788
dense-kpg propagate: popped=265145520 queue=372662523 updates=1292847058 pred_ids=2736679170
dense-kpg propagate: popped=270131205 queue=372750653 updates=1315146225 pred_ids=2792914681
dense-kpg propagate: popped=275523852 queue=372942364 updates=1333773687 pred_ids=2848460065
dense-kpg propagate: popped=282049650 queue=373211523 updates=1361347729 pred_ids=2903416369
dense-kpg propagate: popped=288868078 queue=373443784 updates=1392339230 pred_ids=2959996526
dense-kpg propagate: popped=294485145 queue=373676956 updates=1412545850 pred_ids=3014576517
dense-kpg propagate: popped=299651878 queue=373835159 updates=1430494034 pred_ids=3069565634
dense-kpg propagate: popped=304643284 queue=373953902 updates=1450827804 pred_ids=3122906616
dense-kpg propagate: popped=310551199 queue=374113028 updates=1477029429 pred_ids=3176536910
dense-kpg propagate: popped=316281761 queue=374315170 updates=1498894761 pred_ids=3229953195
dense-kpg propagate: popped=322149173 queue=374521641 updates=1521448068 pred_ids=3284168661
dense-kpg propagate: popped=329133661 queue=374772498 updates=1547157727 pred_ids=3340272843
dense-kpg propagate: popped=335388004 queue=375097930 updates=1565064614 pred_ids=3395424266
dense-kpg propagate: popped=341909143 queue=375363155 updates=1589512946 pred_ids=3451270110
dense-kpg propagate: popped=349388567 queue=375736951 updates=1614084670 pred_ids=3505154256
dense-kpg propagate: popped=355206054 queue=376001104 updates=1631497597 pred_ids=3558527771
dense-kpg propagate: popped=361307016 queue=376262776 updates=1647215169 pred_ids=3612087419
dense-kpg propagate: popped=367376196 queue=379250626 updates=1661665755 pred_ids=3665121837
dense-kpg propagate: popped=370467592 queue=388042026 updates=1670457155 pred_ids=3716674907
dense-kpg propagate: popped=373641927 queue=396026233 updates=1678441362 pred_ids=3769638839
dense-kpg propagate: popped=377068811 queue=401490483 updates=1685636960 pred_ids=3821631412
dense-kpg propagate: popped=384564192 queue=405490180 updates=1718974358 pred_ids=3868363550
dense-kpg propagate: popped=392489154 queue=409666205 updates=1751773889 pred_ids=3915523247
dense-kpg propagate: popped=401140990 queue=414324845 updates=1783933886 pred_ids=3962438754
dense-kpg propagate: popped=403646334 queue=422883867 updates=1792754255 pred_ids=4010965957
dense-kpg propagate: popped=406130423 queue=430958518 updates=1800828906 pred_ids=4059022385
dense-kpg propagate: popped=408628267 queue=438860278 updates=1808730666 pred_ids=4107914177
dense-kpg propagate: popped=411139903 queue=446478196 updates=1816348584 pred_ids=4155716317
dense-kpg propagate: popped=413645814 queue=453569171 updates=1823439559 pred_ids=4203896157
dense-kpg propagate: popped=418620157 queue=457874776 updates=1846623255 pred_ids=4250477019
dense-kpg propagate: popped=424573006 queue=460894737 updates=1876998789 pred_ids=4297278738
dense-kpg propagate: popped=430109353 queue=463576508 updates=1905485685 pred_ids=4342586861
dense-kpg propagate: popped=435852416 queue=466236067 updates=1934644438 pred_ids=4389724825
dense-kpg propagate: popped=441969379 queue=469313251 updates=1964069195 pred_ids=4435785667
dense-kpg propagate: popped=447746797 queue=471911301 updates=1993233601 pred_ids=4481849177
dense-kpg propagate: popped=454051601 queue=474687747 updates=2022990704 pred_ids=4529223995
dense-kpg propagate: popped=457495392 queue=479607902 updates=2034245543 pred_ids=4575657465
dense-kpg propagate: popped=459951193 queue=485082063 updates=2039719704 pred_ids=4621012498
dense-kpg propagate: popped=462462293 queue=490729575 updates=2045367216 pred_ids=4666414356
dense-kpg propagate: popped=465002839 queue=496474728 updates=2051112369 pred_ids=4712271666
dense-kpg propagate: popped=467479935 queue=501797063 updates=2056434704 pred_ids=4757055541
dense-kpg propagate: popped=470002016 queue=507207275 updates=2061844916 pred_ids=4802618756
dense-kpg propagate: popped=472523671 queue=512571338 updates=2067208979 pred_ids=4847661812
dense-kpg propagate: popped=475060799 queue=517446854 updates=2072084495 pred_ids=4893096803
dense-kpg propagate: popped=480280553 queue=520852023 updates=2098905928 pred_ids=4938185481
dense-kpg propagate: popped=485632230 queue=523769527 updates=2126888516 pred_ids=4983784936
dense-kpg propagate: popped=490605285 queue=526250235 updates=2153248833 pred_ids=5029370914
dense-kpg propagate: popped=495780164 queue=528723288 updates=2179982999 pred_ids=5075081756
dense-kpg propagate: popped=501041553 queue=531264783 updates=2206346844 pred_ids=5119379161
dense-kpg propagate: popped=506303013 queue=533696628 updates=2232643174 pred_ids=5163903068
dense-kpg propagate: popped=511569849 queue=536066270 updates=2259597125 pred_ids=5208533338
dense-kpg propagate: popped=517185554 queue=538483963 updates=2286434312 pred_ids=5253869305
dense-kpg propagate: popped=520143533 queue=542773975 updates=2293185610 pred_ids=5298608657
dense-kpg propagate: popped=522763540 queue=547408348 updates=2297819983 pred_ids=5343260787
dense-kpg propagate: popped=525391356 queue=551873582 updates=2302285217 pred_ids=5387487205
dense-kpg propagate: popped=528001087 queue=556806017 updates=2307217652 pred_ids=5431482361
dense-kpg propagate: popped=530627467 queue=561417919 updates=2311829554 pred_ids=5475909263
dense-kpg propagate: popped=533260672 queue=566031064 updates=2316442699 pred_ids=5520591247
dense-kpg propagate: popped=535857314 queue=570943802 updates=2321355437 pred_ids=5564740386
dense-kpg propagate: popped=538487265 queue=575316838 updates=2325728473 pred_ids=5608972218
dense-kpg propagate: popped=543160465 queue=578403755 updates=2349023852 pred_ids=5655207697
dense-kpg propagate: popped=547966420 queue=581075395 updates=2373410009 pred_ids=5701966833
dense-kpg propagate: popped=552558686 queue=583446937 updates=2396221750 pred_ids=5747047400
dense-kpg propagate: popped=557239794 queue=585808733 updates=2419692930 pred_ids=5792271398
dense-kpg propagate: popped=562191913 queue=588376417 updates=2443832162 pred_ids=5838317930
dense-kpg propagate: popped=567050030 queue=590806577 updates=2468013991 pred_ids=5883537706
dense-kpg propagate: popped=572039148 queue=593187662 updates=2492826030 pred_ids=5929562095
dense-kpg propagate: popped=576561462 queue=595949327 updates=2511009064 pred_ids=5974959195
dense-kpg propagate: popped=579376460 queue=599679914 updates=2514739651 pred_ids=6019732385
dense-kpg propagate: popped=582209602 queue=603505697 updates=2518565434 pred_ids=6064669505
dense-kpg propagate: popped=584991626 queue=607633413 updates=2522693150 pred_ids=6108952436
dense-kpg propagate: popped=587795278 queue=611443725 updates=2526503462 pred_ids=6153691337
dense-kpg propagate: popped=590523502 queue=615385341 updates=2530445078 pred_ids=6197716606
dense-kpg propagate: popped=593257464 queue=619220425 updates=2534280162 pred_ids=6241687951
dense-kpg propagate: popped=596665647 queue=622439007 updates=2545094557 pred_ids=6285706332
dense-kpg propagate: popped=601230518 queue=625065945 updates=2567067870 pred_ids=6332740072
dense-kpg propagate: popped=605684276 queue=627564614 updates=2588590772 pred_ids=6378220367
dense-kpg propagate: popped=610388283 queue=630097096 updates=2611236898 pred_ids=6424901575
dense-kpg propagate: popped=615156329 queue=632563698 updates=2634129131 pred_ids=6470519972
dense-kpg propagate: popped=619954585 queue=635012346 updates=2656961140 pred_ids=6515648022
dense-kpg propagate: popped=623504051 queue=637990871 updates=2665661471 pred_ids=6560699409
dense-kpg propagate: popped=626423219 queue=641289108 updates=2668959708 pred_ids=6605253037
dense-kpg propagate: popped=629320617 queue=644820581 updates=2672491181 pred_ids=6649950623
dense-kpg propagate: popped=632140696 queue=648012852 updates=2675683452 pred_ids=6693473086
dense-kpg propagate: popped=634931285 queue=651199068 updates=2678869668 pred_ids=6736973452
dense-kpg propagate: popped=638826972 queue=654063783 updates=2694673063 pred_ids=6782897555
dense-kpg propagate: popped=643244347 queue=656674182 updates=2715932175 pred_ids=6829963288
dense-kpg propagate: popped=647844980 queue=659411025 updates=2738258941 pred_ids=6876857548
dense-kpg propagate: popped=652332458 queue=662156634 updates=2758727301 pred_ids=6921968070
dense-kpg propagate: popped=655443945 queue=665056114 updates=2761626781 pred_ids=6967808391
dense-kpg propagate: popped=658450519 queue=668088250 updates=2764658917 pred_ids=7012730479
dense-kpg propagate: popped=661352655 queue=670882863 updates=2767453530 pred_ids=7056542657
dense-kpg propagate: popped=665307878 queue=673631452 updates=2784234926 pred_ids=7102415455
dense-kpg propagate: popped=669683700 queue=676416932 updates=2805564387 pred_ids=7148865512
dense-kpg propagate: popped=673383856 queue=679381781 updates=2815633951 pred_ids=7194690802
dense-kpg propagate: popped=676453914 queue=682420670 updates=2818672840 pred_ids=7240052040
dense-kpg propagate: popped=680078987 queue=685128044 updates=2831837702 pred_ids=7285295175
dense-kpg propagate: popped=684109905 queue=688115509 updates=2849182991 pred_ids=7331001511
dense-kpg propagate: popped=687211207 queue=691503348 updates=2852570830 pred_ids=7376682036
dense-kpg propagate: popped=691222410 queue=694238729 updates=2871277367 pred_ids=7423053065
dense-kpg propagate: popped=694495272 queue=697847385 updates=2877117736 pred_ids=7468308049
dense-kpg propagate: popped=698313548 queue=700569843 updates=2893968911 pred_ids=7513728040
dense-kpg propagate: popped=701797082 queue=703992919 updates=2904421552 pred_ids=7559211110
dense-kpg propagate: popped=705365634 queue=707660777 updates=2915620958 pred_ids=7605430504
dense-kpg propagate: popped=708991747 queue=711228620 updates=2927647632 pred_ids=7651756538
dense-kpg propagate: popped=712518770 queue=714649553 updates=2939646320 pred_ids=7696687958
dense-kpg propagate: popped=716089309 queue=718081765 updates=2951956114 pred_ids=7742157700
dense-kpg propagate: popped=719632698 queue=721481831 updates=2964488152 pred_ids=7787521661
dense-kpg propagate: popped=723139850 queue=724781882 updates=2976708377 pred_ids=7832361674
dense-kpg propagate: popped=726694075 queue=727988428 updates=2988917404 pred_ids=7877783485
dense-kpg propagate: popped=730259340 queue=731390535 updates=2999933971 pred_ids=7923151740
dense-kpg propagate: popped=733741885 queue=734734519 updates=3010434718 pred_ids=7966989848
dense-kpg propagate: popped=737278884 queue=738085106 updates=3020969039 pred_ids=8011369665
dense-kpg propagate: popped=740713853 queue=741241145 updates=3030943876 pred_ids=8054369105
dense-kpg propagate: popped=744247653 queue=744502972 updates=3040923028 pred_ids=8098732706
dense-kpg propagate: popped=747762302 queue=747852157 updates=3050243934 pred_ids=8143090064
dense-kpg stats: scanned=1017837627/2037557340 reachable=523738722
=== dense-rank KPG ===
  raw rank domain                   : 2037557340
  positions (reachable, canonical)  : 869287068
  start id / value                  : 1647507943 / 0
  W / L / D                         : 606922331 / 142074547 / 120290190
  max DTM                           : 155 plies
  total legal moves                 : 10250756260
  avg branching (reachable)         : 11.792142
  propagation predecessor updates   : 3053600053
  predecessor candidates / ids      : 8158994437 / 8158994437
  duplicate predecessor ids         : 0
  enumerate / classify / propagate  : 3183.993s / 259.037s / 4960.591s
  stats scan                        : 59.982s
  audit                             : skipped
  total wall-clock                  : 8464.046s
	Command being timed: "solver/target/release/solve_dense_kpg --out-dir research/runs/dense-kpg-mirror-2026-06-12"
	User time (seconds): 8456.55
	System time (seconds): 6.80
	Percent of CPU this job got: 99%
	Elapsed (wall clock) time (h:mm:ss or m:ss): 2:21:04
	Average shared text size (kbytes): 0
	Average unshared data size (kbytes): 0
	Average stack size (kbytes): 0
	Average total size (kbytes): 0
	Maximum resident set size (kbytes): 7198128
	Average resident set size (kbytes): 0
	Major (requiring I/O) page faults: 0
	Minor (reclaiming a frame) page faults: 2342891
	Voluntary context switches: 1
	Involuntary context switches: 52069
	Swaps: 0
	File system inputs: 0
	File system outputs: 8
	Socket messages sent: 0
	Socket messages received: 0
	Signals delivered: 0
	Page size (bytes): 4096
	Exit status: 0
